<?xml version="1.0" encoding="UTF-8"?>
<!-- Generated by org.testng.reporters.JUnitXMLReporter -->
<testsuite hostname="DESKTOP-MLVAP7K" ignored="0" name="Default test" tests="3" failures="0" timestamp="2022-07-11T10:09:20 CDT" time="9.397" errors="0">
  <testcase name="validateUserAbleToAddCategoryAndIsDisplayed" time="3.714" classname="test.CategoryTest"/>
  <testcase name="validateUserNotAbleToAddDuplicateCategory" time="2.37" classname="test.CategoryTest"/>
  <testcase name="validateMonthDropdown" time="3.281" classname="test.CategoryTest"/>
</testsuite> <!-- Default test -->
