<?xml version="1.0" encoding="UTF-8"?>
<!-- Generated by org.testng.reporters.JUnitXMLReporter -->
<testsuite hostname="DESKTOP-MLVAP7K" ignored="0" name="Default test" tests="2" failures="0" timestamp="2022-07-14T10:57:16 CDT" time="7.535" errors="0">
  <testcase name="validateUserAbleToAddCategoryAndIsDisplayed" time="3.962" classname="test.CategoryTest"/>
  <testcase name="validateUserNotAbleToAddDuplicateCategory" time="3.526" classname="test.CategoryTest"/>
</testsuite> <!-- Default test -->
