<?xml version="1.0" encoding="UTF-8"?>
<testng-results skipped="0" failed="0" ignored="0" total="1" passed="1">
  <reporter-output>
  </reporter-output>
  <suite name="Default suite" duration-ms="3184" started-at="2022-06-29T15:15:55 CDT" finished-at="2022-06-29T15:15:58 CDT">
    <groups>
    </groups>
    <test name="Default test" duration-ms="3184" started-at="2022-06-29T15:15:55 CDT" finished-at="2022-06-29T15:15:58 CDT">
      <class name="test.CategoryTest">
        <test-method status="PASS" signature="validateMonthDropdown()[pri:0, instance:test.CategoryTest@53f65459]" name="validateMonthDropdown" duration-ms="3151" started-at="2022-06-29T15:15:55 CDT" finished-at="2022-06-29T15:15:58 CDT">
          <reporter-output>
          </reporter-output>
        </test-method> <!-- validateMonthDropdown -->
      </class> <!-- test.CategoryTest -->
    </test> <!-- Default test -->
  </suite> <!-- Default suite -->
</testng-results>
