<?xml version="1.0" encoding="UTF-8"?>
<testng-results skipped="0" failed="0" ignored="0" total="2" passed="2">
  <reporter-output>
  </reporter-output>
  <suite name="Default suite" duration-ms="7535" started-at="2022-07-14T10:57:09 CDT" finished-at="2022-07-14T10:57:16 CDT">
    <groups>
    </groups>
    <test name="Default test" duration-ms="7535" started-at="2022-07-14T10:57:09 CDT" finished-at="2022-07-14T10:57:16 CDT">
      <class name="test.CategoryTest">
        <test-method status="PASS" signature="validateUserAbleToAddCategoryAndIsDisplayed()[pri:1, instance:test.CategoryTest@1d29cf23]" name="validateUserAbleToAddCategoryAndIsDisplayed" duration-ms="3962" started-at="2022-07-14T10:57:09 CDT" finished-at="2022-07-14T10:57:13 CDT">
          <reporter-output>
          </reporter-output>
        </test-method> <!-- validateUserAbleToAddCategoryAndIsDisplayed -->
        <test-method status="PASS" signature="validateUserNotAbleToAddDuplicateCategory()[pri:2, instance:test.CategoryTest@1d29cf23]" name="validateUserNotAbleToAddDuplicateCategory" duration-ms="3526" started-at="2022-07-14T10:57:13 CDT" finished-at="2022-07-14T10:57:16 CDT">
          <reporter-output>
          </reporter-output>
        </test-method> <!-- validateUserNotAbleToAddDuplicateCategory -->
      </class> <!-- test.CategoryTest -->
    </test> <!-- Default test -->
  </suite> <!-- Default suite -->
</testng-results>
